This file contains any messages produced by compilers while
running configure, to aid debugging if configure makes a mistake.

It was created by Google C++ Mocking Framework configure 1.8.0, which was
generated by GNU Autoconf 2.71.  Invocation command line was

  $ ./configure --disable-option-checking --prefix=/usr/local --cache-file=/dev/null --srcdir=.

## --------- ##
## Platform. ##
## --------- ##

hostname = ip-172-31-14-130
uname -m = x86_64
uname -r = 6.5.0-1014-aws
uname -s = Linux
uname -v = #14~22.04.1-Ubuntu SMP Thu Feb 15 15:27:06 UTC 2024

/usr/bin/uname -p = x86_64
/bin/uname -X     = unknown

/bin/arch              = x86_64
/usr/bin/arch -k       = unknown
/usr/convex/getsysinfo = unknown
/usr/bin/hostinfo      = unknown
/bin/machine           = unknown
/usr/bin/oslevel       = unknown
/bin/universe          = unknown

PATH: /home/ubuntu/.vscode-server/bin/019f4d1419fbc8219a181fab7892ebccf7ee29a2/bin/remote-cli/
PATH: /home/ubuntu/.local/bin/
PATH: /usr/local/sbin/
PATH: /usr/local/bin/
PATH: /usr/sbin/
PATH: /usr/bin/
PATH: /sbin/
PATH: /bin/
PATH: /usr/games/
PATH: /usr/local/games/
PATH: /snap/bin/


## ----------- ##
## Core tests. ##
## ----------- ##

configure:2474: looking for aux files: config.guess config.sub compile missing install-sh
configure:2487:  trying ./build-aux/
configure:2516:   ./build-aux/config.guess found
configure:2516:   ./build-aux/config.sub found
configure:2516:   ./build-aux/compile found
configure:2516:   ./build-aux/missing found
configure:2498:   ./build-aux/install-sh found
configure:2660: checking for a BSD-compatible install
configure:2733: result: /usr/bin/install -c
configure:2744: checking whether build environment is sane
configure:2799: result: yes
configure:2958: checking for a race-free mkdir -p
configure:3002: result: /usr/bin/mkdir -p
configure:3009: checking for gawk
configure:3030: found /usr/bin/gawk
configure:3041: result: gawk
configure:3052: checking whether make sets $(MAKE)
configure:3075: result: yes
configure:3105: checking whether make supports nested variables
configure:3123: result: yes
configure:3323: checking for gcc
configure:3344: found /usr/bin/gcc
configure:3355: result: gcc
configure:3708: checking for C compiler version
configure:3717: gcc --version >&5
gcc (Ubuntu 11.4.0-1ubuntu1~22.04) 11.4.0
Copyright (C) 2021 Free Software Foundation, Inc.
This is free software; see the source for copying conditions.  There is NO
warranty; not even for MERCHANTABILITY or FITNESS FOR A PARTICULAR PURPOSE.

configure:3728: $? = 0
configure:3717: gcc -v >&5
Using built-in specs.
COLLECT_GCC=gcc
COLLECT_LTO_WRAPPER=/usr/lib/gcc/x86_64-linux-gnu/11/lto-wrapper
OFFLOAD_TARGET_NAMES=nvptx-none:amdgcn-amdhsa
OFFLOAD_TARGET_DEFAULT=1
Target: x86_64-linux-gnu
Configured with: ../src/configure -v --with-pkgversion='Ubuntu 11.4.0-1ubuntu1~22.04' --with-bugurl=file:///usr/share/doc/gcc-11/README.Bugs --enable-languages=c,ada,c++,go,brig,d,fortran,objc,obj-c++,m2 --prefix=/usr --with-gcc-major-version-only --program-suffix=-11 --program-prefix=x86_64-linux-gnu- --enable-shared --enable-linker-build-id --libexecdir=/usr/lib --without-included-gettext --enable-threads=posix --libdir=/usr/lib --enable-nls --enable-bootstrap --enable-clocale=gnu --enable-libstdcxx-debug --enable-libstdcxx-time=yes --with-default-libstdcxx-abi=new --enable-gnu-unique-object --disable-vtable-verify --enable-plugin --enable-default-pie --with-system-zlib --enable-libphobos-checking=release --with-target-system-zlib=auto --enable-objc-gc=auto --enable-multiarch --disable-werror --enable-cet --with-arch-32=i686 --with-abi=m64 --with-multilib-list=m32,m64,mx32 --enable-multilib --with-tune=generic --enable-offload-targets=nvptx-none=/build/gcc-11-XeT9lY/gcc-11-11.4.0/debian/tmp-nvptx/usr,amdgcn-amdhsa=/build/gcc-11-XeT9lY/gcc-11-11.4.0/debian/tmp-gcn/usr --without-cuda-driver --enable-checking=release --build=x86_64-linux-gnu --host=x86_64-linux-gnu --target=x86_64-linux-gnu --with-build-config=bootstrap-lto-lean --enable-link-serialization=2
Thread model: posix
Supported LTO compression algorithms: zlib zstd
gcc version 11.4.0 (Ubuntu 11.4.0-1ubuntu1~22.04) 
... rest of stderr output deleted ...
configure:3728: $? = 0
configure:3717: gcc -V >&5
gcc: error: unrecognized command-line option '-V'
gcc: fatal error: no input files
compilation terminated.
configure:3728: $? = 1
configure:3717: gcc -qversion >&5
gcc: error: unrecognized command-line option '-qversion'; did you mean '--version'?
gcc: fatal error: no input files
compilation terminated.
configure:3728: $? = 1
configure:3717: gcc -version >&5
gcc: error: unrecognized command-line option '-version'
gcc: fatal error: no input files
compilation terminated.
configure:3728: $? = 1
configure:3748: checking whether the C compiler works
configure:3770: gcc    conftest.c  >&5
configure:3774: $? = 0
configure:3824: result: yes
configure:3827: checking for C compiler default output file name
configure:3829: result: a.out
configure:3835: checking for suffix of executables
configure:3842: gcc -o conftest    conftest.c  >&5
configure:3846: $? = 0
configure:3869: result: 
configure:3891: checking whether we are cross compiling
configure:3899: gcc -o conftest    conftest.c  >&5
configure:3903: $? = 0
configure:3910: ./conftest
configure:3914: $? = 0
configure:3929: result: no
configure:3934: checking for suffix of object files
configure:3957: gcc -c   conftest.c >&5
configure:3961: $? = 0
configure:3983: result: o
configure:3987: checking whether the compiler supports GNU C
configure:4007: gcc -c   conftest.c >&5
configure:4007: $? = 0
configure:4017: result: yes
configure:4028: checking whether gcc accepts -g
configure:4049: gcc -c -g  conftest.c >&5
configure:4049: $? = 0
configure:4093: result: yes
configure:4113: checking for gcc option to enable C11 features
configure:4128: gcc  -c   conftest.c >&5
configure:4128: $? = 0
configure:4146: result: none needed
configure:4262: checking whether gcc understands -c and -o together
configure:4285: gcc -c conftest.c -o conftest2.o
configure:4288: $? = 0
configure:4285: gcc -c conftest.c -o conftest2.o
configure:4288: $? = 0
configure:4300: result: yes
configure:4320: checking whether make supports the include directive
configure:4335: make -f confmf.GNU && cat confinc.out
this is the am__doit target
configure:4338: $? = 0
configure:4357: result: yes (GNU style)
configure:4383: checking dependency style of gcc
configure:4495: result: gcc3
configure:4579: checking for g++
configure:4600: found /usr/bin/g++
configure:4611: result: g++
configure:4638: checking for C++ compiler version
configure:4647: g++ --version >&5
g++ (Ubuntu 11.4.0-1ubuntu1~22.04) 11.4.0
Copyright (C) 2021 Free Software Foundation, Inc.
This is free software; see the source for copying conditions.  There is NO
warranty; not even for MERCHANTABILITY or FITNESS FOR A PARTICULAR PURPOSE.

configure:4658: $? = 0
configure:4647: g++ -v >&5
Using built-in specs.
COLLECT_GCC=g++
COLLECT_LTO_WRAPPER=/usr/lib/gcc/x86_64-linux-gnu/11/lto-wrapper
OFFLOAD_TARGET_NAMES=nvptx-none:amdgcn-amdhsa
OFFLOAD_TARGET_DEFAULT=1
Target: x86_64-linux-gnu
Configured with: ../src/configure -v --with-pkgversion='Ubuntu 11.4.0-1ubuntu1~22.04' --with-bugurl=file:///usr/share/doc/gcc-11/README.Bugs --enable-languages=c,ada,c++,go,brig,d,fortran,objc,obj-c++,m2 --prefix=/usr --with-gcc-major-version-only --program-suffix=-11 --program-prefix=x86_64-linux-gnu- --enable-shared --enable-linker-build-id --libexecdir=/usr/lib --without-included-gettext --enable-threads=posix --libdir=/usr/lib --enable-nls --enable-bootstrap --enable-clocale=gnu --enable-libstdcxx-debug --enable-libstdcxx-time=yes --with-default-libstdcxx-abi=new --enable-gnu-unique-object --disable-vtable-verify --enable-plugin --enable-default-pie --with-system-zlib --enable-libphobos-checking=release --with-target-system-zlib=auto --enable-objc-gc=auto --enable-multiarch --disable-werror --enable-cet --with-arch-32=i686 --with-abi=m64 --with-multilib-list=m32,m64,mx32 --enable-multilib --with-tune=generic --enable-offload-targets=nvptx-none=/build/gcc-11-XeT9lY/gcc-11-11.4.0/debian/tmp-nvptx/usr,amdgcn-amdhsa=/build/gcc-11-XeT9lY/gcc-11-11.4.0/debian/tmp-gcn/usr --without-cuda-driver --enable-checking=release --build=x86_64-linux-gnu --host=x86_64-linux-gnu --target=x86_64-linux-gnu --with-build-config=bootstrap-lto-lean --enable-link-serialization=2
Thread model: posix
Supported LTO compression algorithms: zlib zstd
gcc version 11.4.0 (Ubuntu 11.4.0-1ubuntu1~22.04) 
... rest of stderr output deleted ...
configure:4658: $? = 0
configure:4647: g++ -V >&5
g++: error: unrecognized command-line option '-V'
g++: fatal error: no input files
compilation terminated.
configure:4658: $? = 1
configure:4647: g++ -qversion >&5
g++: error: unrecognized command-line option '-qversion'; did you mean '--version'?
g++: fatal error: no input files
compilation terminated.
configure:4658: $? = 1
configure:4662: checking whether the compiler supports GNU C++
configure:4682: g++ -c  -g -std=c++11 -DNDEBUG  conftest.cpp >&5
configure:4682: $? = 0
configure:4692: result: yes
configure:4703: checking whether g++ accepts -g
configure:4724: g++ -c -g  conftest.cpp >&5
configure:4724: $? = 0
configure:4768: result: yes
configure:4788: checking for g++ option to enable C++11 features
configure:4803: g++  -c  -g -std=c++11 -DNDEBUG  conftest.cpp >&5
conftest.cpp: In function 'int main(int, char**)':
conftest.cpp:177:25: warning: empty parentheses were disambiguated as a function declaration [-Wvexing-parse]
  177 |   cxx11test::delegate d2();
      |                         ^~
conftest.cpp:177:25: note: remove parentheses to default-initialize a variable
  177 |   cxx11test::delegate d2();
      |                         ^~
      |                         --
conftest.cpp:177:25: note: or replace parentheses with braces to value-initialize a variable
configure:4803: $? = 0
configure:4821: result: none needed
configure:4887: checking dependency style of g++
configure:4999: result: gcc3
configure:5030: checking for python
configure:5066: result: :
configure:5125: checking build system type
configure:5140: result: x86_64-pc-linux-gnu
configure:5160: checking host system type
configure:5174: result: x86_64-pc-linux-gnu
configure:5365: checking for the pthreads library -lpthreads
configure:5398: gcc -o conftest     conftest.c -lpthreads  >&5
conftest.c: In function 'main':
conftest.c:16:22: warning: argument 1 null where non-null expected [-Wnonnull]
   16 |                      pthread_attr_init(0); pthread_cleanup_push(0, 0);
      |                      ^~~~~~~~~~~~~~~~~
In file included from conftest.c:11:
/usr/include/pthread.h:285:12: note: in a call to function 'pthread_attr_init' declared 'nonnull'
  285 | extern int pthread_attr_init (pthread_attr_t *__attr) __THROW __nonnull ((1));
      |            ^~~~~~~~~~~~~~~~~
conftest.c:17:22: warning: argument 1 null where non-null expected [-Wnonnull]
   17 |                      pthread_create(0,0,0,0); pthread_cleanup_pop(0);
      |                      ^~~~~~~~~~~~~~
In file included from conftest.c:11:
/usr/include/pthread.h:202:12: note: in a call to function 'pthread_create' declared 'nonnull'
  202 | extern int pthread_create (pthread_t *__restrict __newthread,
      |            ^~~~~~~~~~~~~~
conftest.c:17:22: warning: argument 3 null where non-null expected [-Wnonnull]
   17 |                      pthread_create(0,0,0,0); pthread_cleanup_pop(0);
      |                      ^~~~~~~~~~~~~~
In file included from conftest.c:11:
/usr/include/pthread.h:202:12: note: in a call to function 'pthread_create' declared 'nonnull'
  202 | extern int pthread_create (pthread_t *__restrict __newthread,
      |            ^~~~~~~~~~~~~~
/usr/bin/ld: cannot find -lpthreads: No such file or directory
collect2: error: ld returned 1 exit status
configure:5398: $? = 1
configure: failed program was:
| /* confdefs.h */
| #define PACKAGE_NAME "Google C++ Mocking Framework"
| #define PACKAGE_TARNAME "gmock"
| #define PACKAGE_VERSION "1.8.0"
| #define PACKAGE_STRING "Google C++ Mocking Framework 1.8.0"
| #define PACKAGE_BUGREPORT "googlemock@googlegroups.com"
| #define PACKAGE_URL ""
| #define PACKAGE "gmock"
| #define VERSION "1.8.0"
| /* end confdefs.h.  */
| #include <pthread.h>
| int
| main (void)
| {
| pthread_t th; pthread_join(th, 0);
|                      pthread_attr_init(0); pthread_cleanup_push(0, 0);
|                      pthread_create(0,0,0,0); pthread_cleanup_pop(0);
|   ;
|   return 0;
| }
configure:5408: result: no
configure:5305: checking whether pthreads work without any flags
configure:5398: gcc -o conftest     conftest.c   >&5
conftest.c: In function 'main':
conftest.c:16:22: warning: argument 1 null where non-null expected [-Wnonnull]
   16 |                      pthread_attr_init(0); pthread_cleanup_push(0, 0);
      |                      ^~~~~~~~~~~~~~~~~
In file included from conftest.c:11:
/usr/include/pthread.h:285:12: note: in a call to function 'pthread_attr_init' declared 'nonnull'
  285 | extern int pthread_attr_init (pthread_attr_t *__attr) __THROW __nonnull ((1));
      |            ^~~~~~~~~~~~~~~~~
conftest.c:17:22: warning: argument 1 null where non-null expected [-Wnonnull]
   17 |                      pthread_create(0,0,0,0); pthread_cleanup_pop(0);
      |                      ^~~~~~~~~~~~~~
In file included from conftest.c:11:
/usr/include/pthread.h:202:12: note: in a call to function 'pthread_create' declared 'nonnull'
  202 | extern int pthread_create (pthread_t *__restrict __newthread,
      |            ^~~~~~~~~~~~~~
conftest.c:17:22: warning: argument 3 null where non-null expected [-Wnonnull]
   17 |                      pthread_create(0,0,0,0); pthread_cleanup_pop(0);
      |                      ^~~~~~~~~~~~~~
In file included from conftest.c:11:
/usr/include/pthread.h:202:12: note: in a call to function 'pthread_create' declared 'nonnull'
  202 | extern int pthread_create (pthread_t *__restrict __newthread,
      |            ^~~~~~~~~~~~~~
configure:5398: $? = 0
configure:5408: result: yes
configure:5427: checking for joinable pthread attribute
configure:5442: gcc -o conftest     conftest.c   >&5
configure:5442: $? = 0
configure:5449: result: PTHREAD_CREATE_JOINABLE
configure:5457: checking if more special flags are required for pthreads
configure:5464: result: no
configure:5558: checking whether to check for GCC pthread/shared inconsistencies
configure:5571: gcc -o conftest -shared -fPIC -Wl,-z,defs     conftest.c   >&5
configure:5571: $? = 0
configure:5584: result: yes
configure:5590: checking whether -pthread is sufficient with -shared
configure:5605: gcc -o conftest -shared -fPIC -Wl,-z,defs     conftest.c   >&5
conftest.c: In function 'main':
conftest.c:16:15: warning: argument 1 null where non-null expected [-Wnonnull]
   16 |               pthread_attr_init(0); pthread_cleanup_push(0, 0);
      |               ^~~~~~~~~~~~~~~~~
In file included from conftest.c:11:
/usr/include/pthread.h:285:12: note: in a call to function 'pthread_attr_init' declared 'nonnull'
  285 | extern int pthread_attr_init (pthread_attr_t *__attr) __THROW __nonnull ((1));
      |            ^~~~~~~~~~~~~~~~~
conftest.c:17:15: warning: argument 1 null where non-null expected [-Wnonnull]
   17 |               pthread_create(0,0,0,0); pthread_cleanup_pop(0);
      |               ^~~~~~~~~~~~~~
In file included from conftest.c:11:
/usr/include/pthread.h:202:12: note: in a call to function 'pthread_create' declared 'nonnull'
  202 | extern int pthread_create (pthread_t *__restrict __newthread,
      |            ^~~~~~~~~~~~~~
conftest.c:17:15: warning: argument 3 null where non-null expected [-Wnonnull]
   17 |               pthread_create(0,0,0,0); pthread_cleanup_pop(0);
      |               ^~~~~~~~~~~~~~
In file included from conftest.c:11:
/usr/include/pthread.h:202:12: note: in a call to function 'pthread_create' declared 'nonnull'
  202 | extern int pthread_create (pthread_t *__restrict __newthread,
      |            ^~~~~~~~~~~~~~
configure:5605: $? = 0
configure:5613: result: yes
configure:5819: checking for gtest-config
configure:5857: result: no
configure:6003: checking that generated files are newer than configure
configure:6009: result: done
configure:6044: creating ./config.status

## ---------------------- ##
## Running config.status. ##
## ---------------------- ##

This file was extended by Google C++ Mocking Framework config.status 1.8.0, which was
generated by GNU Autoconf 2.71.  Invocation command line was

  CONFIG_FILES    = 
  CONFIG_HEADERS  = 
  CONFIG_LINKS    = 
  CONFIG_COMMANDS = 
  $ ./config.status 

on ip-172-31-14-130

config.status:867: creating Makefile
config.status:867: creating scripts/gmock-config
config.status:867: creating build-aux/config.h
config.status:1048: build-aux/config.h is unchanged
config.status:1096: executing depfiles commands
config.status:1174: cd .       && sed -e '/# am--include-marker/d' Makefile         | make -f - am--depfiles
make: Nothing to be done for 'am--depfiles'.
config.status:1179: $? = 0

## ---------------- ##
## Cache variables. ##
## ---------------- ##

ac_cv_build=x86_64-pc-linux-gnu
ac_cv_c_compiler_gnu=yes
ac_cv_cxx_compiler_gnu=yes
ac_cv_env_CCC_set=
ac_cv_env_CCC_value=
ac_cv_env_CC_set=
ac_cv_env_CC_value=
ac_cv_env_CFLAGS_set=set
ac_cv_env_CFLAGS_value=
ac_cv_env_CPPFLAGS_set=
ac_cv_env_CPPFLAGS_value=
ac_cv_env_CXXFLAGS_set=set
ac_cv_env_CXXFLAGS_value=' -g -std=c++11 -DNDEBUG'
ac_cv_env_CXX_set=
ac_cv_env_CXX_value=
ac_cv_env_GTEST_CONFIG_set=
ac_cv_env_GTEST_CONFIG_value=
ac_cv_env_GTEST_CPPFLAGS_set=
ac_cv_env_GTEST_CPPFLAGS_value=
ac_cv_env_GTEST_CXXFLAGS_set=
ac_cv_env_GTEST_CXXFLAGS_value=
ac_cv_env_GTEST_LDFLAGS_set=
ac_cv_env_GTEST_LDFLAGS_value=
ac_cv_env_GTEST_LIBS_set=
ac_cv_env_GTEST_LIBS_value=
ac_cv_env_GTEST_VERSION_set=
ac_cv_env_GTEST_VERSION_value=
ac_cv_env_LDFLAGS_set=
ac_cv_env_LDFLAGS_value=
ac_cv_env_LIBS_set=
ac_cv_env_LIBS_value=
ac_cv_env_build_alias_set=
ac_cv_env_build_alias_value=
ac_cv_env_host_alias_set=
ac_cv_env_host_alias_value=
ac_cv_env_target_alias_set=
ac_cv_env_target_alias_value=
ac_cv_host=x86_64-pc-linux-gnu
ac_cv_objext=o
ac_cv_path_PYTHON=:
ac_cv_path_install='/usr/bin/install -c'
ac_cv_path_mkdir=/usr/bin/mkdir
ac_cv_prog_AWK=gawk
ac_cv_prog_ac_ct_CC=gcc
ac_cv_prog_ac_ct_CXX=g++
ac_cv_prog_cc_c11=
ac_cv_prog_cc_g=yes
ac_cv_prog_cc_stdc=
ac_cv_prog_cxx_11=no
ac_cv_prog_cxx_cxx11=
ac_cv_prog_cxx_g=yes
ac_cv_prog_cxx_stdcxx=
ac_cv_prog_make_make_set=yes
am_cv_CC_dependencies_compiler_type=gcc3
am_cv_CXX_dependencies_compiler_type=gcc3
am_cv_make_support_nested_variables=yes
am_cv_prog_cc_c_o=yes

## ----------------- ##
## Output variables. ##
## ----------------- ##

ACLOCAL='${SHELL} '\''/home/ubuntu/share/spanner_rls/spanner_rls/tapir-master/protobuf-3.12.0/third_party/googletest/googlemock/build-aux/missing'\'' aclocal-1.16'
AMDEPBACKSLASH='\'
AMDEP_FALSE='#'
AMDEP_TRUE=''
AMTAR='$${TAR-tar}'
AM_BACKSLASH='\'
AM_DEFAULT_V='$(AM_DEFAULT_VERBOSITY)'
AM_DEFAULT_VERBOSITY='1'
AM_V='$(V)'
AUTOCONF='${SHELL} '\''/home/ubuntu/share/spanner_rls/spanner_rls/tapir-master/protobuf-3.12.0/third_party/googletest/googlemock/build-aux/missing'\'' autoconf'
AUTOHEADER='${SHELL} '\''/home/ubuntu/share/spanner_rls/spanner_rls/tapir-master/protobuf-3.12.0/third_party/googletest/googlemock/build-aux/missing'\'' autoheader'
AUTOMAKE='${SHELL} '\''/home/ubuntu/share/spanner_rls/spanner_rls/tapir-master/protobuf-3.12.0/third_party/googletest/googlemock/build-aux/missing'\'' automake-1.16'
AWK='gawk'
CC='gcc'
CCDEPMODE='depmode=gcc3'
CFLAGS=''
CPPFLAGS=''
CSCOPE='cscope'
CTAGS='ctags'
CXX='g++'
CXXDEPMODE='depmode=gcc3'
CXXFLAGS=' -g -std=c++11 -DNDEBUG'
CYGPATH_W='echo'
DEFS='-DHAVE_CONFIG_H'
DEPDIR='.deps'
ECHO_C=''
ECHO_N='-n'
ECHO_T=''
ETAGS='etags'
EXEEXT=''
GTEST_CONFIG='/home/ubuntu/share/spanner_rls/spanner_rls/tapir-master/protobuf-3.12.0/third_party/googletest/googlemock/../googletest/scripts/gtest-config'
GTEST_CPPFLAGS='-I$(top_srcdir)/../googletest/include'
GTEST_CXXFLAGS='-g'
GTEST_LDFLAGS=''
GTEST_LIBS='$(top_builddir)/../googletest/lib/libgtest.la'
GTEST_VERSION='1.8.0'
HAVE_PTHREADS_FALSE='#'
HAVE_PTHREADS_TRUE=''
HAVE_PYTHON_FALSE=''
HAVE_PYTHON_TRUE='#'
INSTALL_DATA='${INSTALL} -m 644'
INSTALL_PROGRAM='${INSTALL}'
INSTALL_SCRIPT='${INSTALL}'
INSTALL_STRIP_PROGRAM='$(install_sh) -c -s'
LDFLAGS=''
LIBOBJS=''
LIBS=''
LTLIBOBJS=''
MAKEINFO='${SHELL} '\''/home/ubuntu/share/spanner_rls/spanner_rls/tapir-master/protobuf-3.12.0/third_party/googletest/googlemock/build-aux/missing'\'' makeinfo'
MKDIR_P='/usr/bin/mkdir -p'
OBJEXT='o'
PACKAGE='gmock'
PACKAGE_BUGREPORT='googlemock@googlegroups.com'
PACKAGE_NAME='Google C++ Mocking Framework'
PACKAGE_STRING='Google C++ Mocking Framework 1.8.0'
PACKAGE_TARNAME='gmock'
PACKAGE_URL=''
PACKAGE_VERSION='1.8.0'
PATH_SEPARATOR=':'
PTHREAD_CC='gcc'
PTHREAD_CFLAGS=''
PTHREAD_LIBS=''
PYTHON=':'
SET_MAKE=''
SHELL='/bin/bash'
STRIP=''
VERSION='1.8.0'
ac_ct_CC='gcc'
ac_ct_CXX='g++'
acx_pthread_config=''
am__EXEEXT_FALSE=''
am__EXEEXT_TRUE='#'
am__fastdepCC_FALSE='#'
am__fastdepCC_TRUE=''
am__fastdepCXX_FALSE='#'
am__fastdepCXX_TRUE=''
am__include='include'
am__isrc=''
am__leading_dot='.'
am__nodep='_no'
am__quote=''
am__tar='$${TAR-tar} chof - "$$tardir"'
am__untar='$${TAR-tar} xf -'
bindir='${exec_prefix}/bin'
build='x86_64-pc-linux-gnu'
build_alias=''
build_cpu='x86_64'
build_os='linux-gnu'
build_vendor='pc'
datadir='${datarootdir}'
datarootdir='${prefix}/share'
docdir='${datarootdir}/doc/${PACKAGE_TARNAME}'
dvidir='${docdir}'
exec_prefix='${prefix}'
host='x86_64-pc-linux-gnu'
host_alias=''
host_cpu='x86_64'
host_os='linux-gnu'
host_vendor='pc'
htmldir='${docdir}'
includedir='${prefix}/include'
infodir='${datarootdir}/info'
install_sh='${SHELL} /home/ubuntu/share/spanner_rls/spanner_rls/tapir-master/protobuf-3.12.0/third_party/googletest/googlemock/build-aux/install-sh'
libdir='${exec_prefix}/lib'
libexecdir='${exec_prefix}/libexec'
localedir='${datarootdir}/locale'
localstatedir='${prefix}/var'
mandir='${datarootdir}/man'
mkdir_p='$(MKDIR_P)'
oldincludedir='/usr/include'
pdfdir='${docdir}'
prefix='/usr/local'
program_transform_name='s,x,x,'
psdir='${docdir}'
runstatedir='${localstatedir}/run'
sbindir='${exec_prefix}/sbin'
sharedstatedir='${prefix}/com'
sysconfdir='${prefix}/etc'
target_alias=''

## ----------- ##
## confdefs.h. ##
## ----------- ##

/* confdefs.h */
#define PACKAGE_NAME "Google C++ Mocking Framework"
#define PACKAGE_TARNAME "gmock"
#define PACKAGE_VERSION "1.8.0"
#define PACKAGE_STRING "Google C++ Mocking Framework 1.8.0"
#define PACKAGE_BUGREPORT "googlemock@googlegroups.com"
#define PACKAGE_URL ""
#define PACKAGE "gmock"
#define VERSION "1.8.0"
#define HAVE_PTHREAD 1

configure: exit 0
